\BOOKMARK [1][-]{section.1}{Introduction}{}% 1
\BOOKMARK [2][-]{subsection.1.1}{Background and state of the art}{section.1}% 2
\BOOKMARK [2][-]{subsection.1.2}{Aims of the project}{section.1}% 3
\BOOKMARK [1][-]{section.2}{Material and methods}{}% 4
\BOOKMARK [2][-]{subsection.2.1}{Subjects}{section.2}% 5
\BOOKMARK [2][-]{subsection.2.2}{Tasks}{section.2}% 6
\BOOKMARK [3][-]{subsubsection.2.2.1}{Reaching tasks \(RT\)}{subsection.2.2}% 7
\BOOKMARK [3][-]{subsubsection.2.2.2}{Critical Stability Task \(CST\)}{subsection.2.2}% 8
\BOOKMARK [2][-]{subsection.2.3}{Feedbacks}{section.2}% 9
\BOOKMARK [3][-]{subsubsection.2.3.1}{Classic - Visual \(C\)}{subsection.2.3}% 10
\BOOKMARK [3][-]{subsubsection.2.3.2}{Dots spread - Visual \(DS\)}{subsection.2.3}% 11
\BOOKMARK [3][-]{subsubsection.2.3.3}{Magnetic Target - Visual \(MT\)}{subsection.2.3}% 12
\BOOKMARK [3][-]{subsubsection.2.3.4}{Selected Information in Time and Space - Visual \(SITS\)}{subsection.2.3}% 13
\BOOKMARK [3][-]{subsubsection.2.3.5}{Artificial proprioception - Non Visual \(AP\)}{subsection.2.3}% 14
\BOOKMARK [1][-]{section.3}{Results}{}% 15
\BOOKMARK [2][-]{subsection.3.1}{Dots Spread vs Magnetic Target \(Human\)}{section.3}% 16
\BOOKMARK [2][-]{subsection.3.2}{Magnetic Target in Reaching Task \(Monkey\)}{section.3}% 17
\BOOKMARK [2][-]{subsection.3.3}{Quantifying the information rate \(human\)}{section.3}% 18
\BOOKMARK [1][-]{section.4}{Discussion}{}% 19
\BOOKMARK [1][-]{section.5}{Conclusion}{}% 20
\BOOKMARK [1][-]{section.6}{References}{}% 21
